[08:31:00] [main/INFO] (FabricLoader/GameProvider) Loading Minecraft 1.18.1 with Fabric Loader 0.12.12
[08:31:00] [main/INFO] (FabricLoader) Loading 51 mods:
	- fabric 0.44.0+1.18
	- fabric-api-base 0.4.1+b4f4f6cdc8
	- fabric-api-lookup-api-v1 1.4.0+16d92c47c8
	- fabric-biome-api-v1 6.0.1+ded849a9c8
	- fabric-blockrenderlayer-v1 1.1.9+3ac43d95c8
	- fabric-command-api-v1 1.1.6+3ac43d95c8
	- fabric-commands-v0 0.2.5+b4f4f6cdc8
	- fabric-containers-v0 0.1.18+d154e2c6c8
	- fabric-content-registries-v0 0.4.5+6f53a73dc8
	- fabric-crash-report-info-v1 0.1.8+3ac43d95c8
	- fabric-data-generation-api-v1 1.0.0+3fec4ad9c8
	- fabric-dimensions-v1 2.1.7+43d29571c8
	- fabric-entity-events-v1 1.4.5+6b21378ac8
	- fabric-events-interaction-v0 0.4.16+bfa23f17c8
	- fabric-events-lifecycle-v0 0.2.6+b4f4f6cdc8
	- fabric-game-rule-api-v1 1.0.10+3ac43d95c8
	- fabric-gametest-api-v1 1.0.5+03d159cfc8
	- fabric-item-api-v1 1.3.0+691a79b5c8
	- fabric-item-groups-v0 0.3.3+3ac43d95c8
	- fabric-key-binding-api-v1 1.0.8+c8aba2f3c8
	- fabric-keybindings-v0 0.2.6+b4f4f6cdc8
	- fabric-lifecycle-events-v1 1.4.10+c15ca335c8
	- fabric-loot-tables-v1 1.0.8+3ac43d95c8
	- fabric-mining-level-api-v1 1.0.3+3ac43d95c8
	- fabric-mining-levels-v0 0.1.7+b4f4f6cdc8
	- fabric-models-v0 0.3.3+3ac43d95c8
	- fabric-networking-api-v1 1.0.18+3ac43d95c8
	- fabric-networking-v0 0.3.5+b4f4f6cdc8
	- fabric-object-builder-api-v1 1.11.0+3b82842ec8
	- fabric-object-builders-v0 0.7.8+3ac43d95c8
	- fabric-particles-v1 0.2.9+526dc1acc8
	- fabric-registry-sync-v0 0.8.5+3ac43d95c8
	- fabric-renderer-api-v1 0.4.9+3ac43d95c8
	- fabric-renderer-indigo 0.4.12+3ac43d95c8
	- fabric-renderer-registries-v1 3.2.7+b4f4f6cdc8
	- fabric-rendering-data-attachment-v1 0.3.4+7242e9d7c8
	- fabric-rendering-fluids-v1 0.1.18+3ac43d95c8
	- fabric-rendering-v0 1.1.9+b4f4f6cdc8
	- fabric-rendering-v1 1.10.3+6b21378ac8
	- fabric-resource-loader-v0 0.4.11+3ac43d95c8
	- fabric-screen-api-v1 1.0.7+3ac43d95c8
	- fabric-screen-handler-api-v1 1.1.11+3ac43d95c8
	- fabric-structure-api-v1 2.0.8+295197a7c8
	- fabric-tag-extensions-v0 1.2.5+3ac43d95c8
	- fabric-textures-v0 1.0.9+3ac43d95c8
	- fabric-tool-attribute-api-v1 1.3.4+7de09f55c8
	- fabric-transfer-api-v1 1.5.5+b4f4f6cdc8
	- fabricloader 0.12.12
	- invincibilityhack 1.0.0
	- java 17
	- minecraft 1.18.1
[08:31:00] [main/INFO] (FabricLoader/Mixin) SpongePowered MIXIN Subsystem Version=0.8.4 Source=file:/C:/Users/Coderx%20Gamer/.gradle/caches/modules-2/files-2.1/net.fabricmc/sponge-mixin/0.10.7+mixin.0.8.4/7a4ca9d54d9ae564dea0363d668036a8420ed9b8/sponge-mixin-0.10.7+mixin.0.8.4.jar Service=Knot/Fabric Env=CLIENT
[08:31:01] [main/INFO] (FabricLoader/Mixin) Loaded Fabric development mappings for mixin remapper!
[08:31:01] [main/INFO] (FabricLoader/Mixin) Compatibility level set to JAVA_16
